<?xml version="1.0" encoding="UTF-8"?>
<testsuite name="com.example.demo.BboxApplication" tests="1" skipped="0" failures="0" errors="0" timestamp="2022-07-02T12:50:39" hostname="DESKTOP-OA0K2MI" time="0.292">
  <properties/>
  <testcase name="contextLoads()" classname="com.example.demo.BboxApplication" time="0.292"/>
  <system-out><![CDATA[14:50:39.406 [Test worker] DEBUG org.springframework.test.context.BootstrapUtils - Instantiating CacheAwareContextLoaderDelegate from class [org.springframework.test.context.cache.DefaultCacheAwareContextLoaderDelegate]
14:50:39.413 [Test worker] DEBUG org.springframework.test.context.BootstrapUtils - Instantiating BootstrapContext using constructor [public org.springframework.test.context.support.DefaultBootstrapContext(java.lang.Class,org.springframework.test.context.CacheAwareContextLoaderDelegate)]
14:50:39.435 [Test worker] DEBUG org.springframework.test.context.BootstrapUtils - Instantiating TestContextBootstrapper for test class [com.example.demo.BboxApplication] from class [org.springframework.boot.test.context.SpringBootTestContextBootstrapper]
14:50:39.442 [Test worker] INFO org.springframework.boot.test.context.SpringBootTestContextBootstrapper - Neither @ContextConfiguration nor @ContextHierarchy found for test class [com.example.demo.BboxApplication], using SpringBootContextLoader
14:50:39.445 [Test worker] DEBUG org.springframework.test.context.support.AbstractContextLoader - Did not detect default resource location for test class [com.example.demo.BboxApplication]: class path resource [com/example/demo/BboxApplication-context.xml] does not exist
14:50:39.445 [Test worker] DEBUG org.springframework.test.context.support.AbstractContextLoader - Did not detect default resource location for test class [com.example.demo.BboxApplication]: class path resource [com/example/demo/BboxApplicationContext.groovy] does not exist
14:50:39.445 [Test worker] INFO org.springframework.test.context.support.AbstractContextLoader - Could not detect default resource locations for test class [com.example.demo.BboxApplication]: no resource found for suffixes {-context.xml, Context.groovy}.
14:50:39.446 [Test worker] INFO org.springframework.test.context.support.AnnotationConfigContextLoaderUtils - Could not detect default configuration classes for test class [com.example.demo.BboxApplication]: BboxApplication does not declare any static, non-private, non-final, nested classes annotated with @Configuration.
14:50:39.472 [Test worker] DEBUG org.springframework.test.context.support.ActiveProfilesUtils - Could not find an 'annotation declaring class' for annotation type [org.springframework.test.context.ActiveProfiles] and class [com.example.demo.BboxApplication]
14:50:39.507 [Test worker] DEBUG org.springframework.context.annotation.ClassPathScanningCandidateComponentProvider - Identified candidate component class: file [F:\demo\build\classes\java\main\com\example\demo\BboxApplication.class]
14:50:39.514 [Test worker] INFO org.springframework.boot.test.context.SpringBootTestContextBootstrapper - Found @SpringBootConfiguration com.example.demo.BboxApplication for test class com.example.demo.BboxApplication
14:50:39.571 [Test worker] DEBUG org.springframework.boot.test.context.SpringBootTestContextBootstrapper - @TestExecutionListeners is not present for class [com.example.demo.BboxApplication]: using defaults.
14:50:39.572 [Test worker] INFO org.springframework.boot.test.context.SpringBootTestContextBootstrapper - Loaded default TestExecutionListener class names from location [META-INF/spring.factories]: [org.springframework.boot.test.autoconfigure.restdocs.RestDocsTestExecutionListener, org.springframework.boot.test.autoconfigure.web.client.MockRestServiceServerResetTestExecutionListener, org.springframework.boot.test.autoconfigure.web.servlet.MockMvcPrintOnlyOnFailureTestExecutionListener, org.springframework.boot.test.autoconfigure.web.servlet.WebDriverTestExecutionListener, org.springframework.boot.test.autoconfigure.webservices.client.MockWebServiceServerTestExecutionListener, org.springframework.boot.test.mock.mockito.MockitoTestExecutionListener, org.springframework.boot.test.mock.mockito.ResetMocksTestExecutionListener, org.springframework.test.context.web.ServletTestExecutionListener, org.springframework.test.context.support.DirtiesContextBeforeModesTestExecutionListener, org.springframework.test.context.event.ApplicationEventsTestExecutionListener, org.springframework.test.context.support.DependencyInjectionTestExecutionListener, org.springframework.test.context.support.DirtiesContextTestExecutionListener, org.springframework.test.context.transaction.TransactionalTestExecutionListener, org.springframework.test.context.jdbc.SqlScriptsTestExecutionListener, org.springframework.test.context.event.EventPublishingTestExecutionListener]
14:50:39.578 [Test worker] DEBUG org.springframework.boot.test.context.SpringBootTestContextBootstrapper - Skipping candidate TestExecutionListener [org.springframework.test.context.transaction.TransactionalTestExecutionListener] due to a missing dependency. Specify custom listener classes or make the default listener classes and their required dependencies available. Offending class: [org/springframework/transaction/interceptor/TransactionAttributeSource]
14:50:39.579 [Test worker] DEBUG org.springframework.boot.test.context.SpringBootTestContextBootstrapper - Skipping candidate TestExecutionListener [org.springframework.test.context.jdbc.SqlScriptsTestExecutionListener] due to a missing dependency. Specify custom listener classes or make the default listener classes and their required dependencies available. Offending class: [org/springframework/transaction/interceptor/TransactionAttribute]
14:50:39.579 [Test worker] INFO org.springframework.boot.test.context.SpringBootTestContextBootstrapper - Using TestExecutionListeners: [org.springframework.test.context.web.ServletTestExecutionListener@24bdb479, org.springframework.test.context.support.DirtiesContextBeforeModesTestExecutionListener@7e3f95fe, org.springframework.test.context.event.ApplicationEventsTestExecutionListener@34625ccd, org.springframework.boot.test.mock.mockito.MockitoTestExecutionListener@2c7d121c, org.springframework.boot.test.autoconfigure.SpringBootDependencyInjectionTestExecutionListener@65aa6596, org.springframework.test.context.support.DirtiesContextTestExecutionListener@67389cb8, org.springframework.test.context.event.EventPublishingTestExecutionListener@419a20a6, org.springframework.boot.test.autoconfigure.restdocs.RestDocsTestExecutionListener@533377b, org.springframework.boot.test.autoconfigure.web.client.MockRestServiceServerResetTestExecutionListener@3383649e, org.springframework.boot.test.autoconfigure.web.servlet.MockMvcPrintOnlyOnFailureTestExecutionListener@10fde30a, org.springframework.boot.test.autoconfigure.web.servlet.WebDriverTestExecutionListener@f27ea3, org.springframework.boot.test.autoconfigure.webservices.client.MockWebServiceServerTestExecutionListener@1ce61929, org.springframework.boot.test.mock.mockito.ResetMocksTestExecutionListener@346939bf]
14:50:39.581 [Test worker] DEBUG org.springframework.test.context.support.AbstractDirtiesContextTestExecutionListener - Before test class: context [DefaultTestContext@31e3250d testClass = BboxApplication, testInstance = [null], testMethod = [null], testException = [null], mergedContextConfiguration = [WebMergedContextConfiguration@19fe4644 testClass = BboxApplication, locations = '{}', classes = '{class com.example.demo.BboxApplication}', contextInitializerClasses = '[]', activeProfiles = '{}', propertySourceLocations = '{}', propertySourceProperties = '{org.springframework.boot.test.context.SpringBootTestContextBootstrapper=true}', contextCustomizers = set[org.springframework.boot.test.autoconfigure.actuate.metrics.MetricsExportContextCustomizerFactory$DisableMetricExportContextCustomizer@27eedb64, org.springframework.boot.test.autoconfigure.properties.PropertyMappingContextCustomizer@0, org.springframework.boot.test.autoconfigure.web.servlet.WebDriverContextCustomizerFactory$Customizer@6dab9b6d, org.springframework.boot.test.context.filter.ExcludeFilterContextCustomizer@2e6a5539, org.springframework.boot.test.json.DuplicateJsonObjectContextCustomizerFactory$DuplicateJsonObjectContextCustomizer@b7c4869, org.springframework.boot.test.mock.mockito.MockitoContextCustomizer@0, org.springframework.boot.test.web.client.TestRestTemplateContextCustomizer@8ad6665, org.springframework.boot.test.context.SpringBootTestArgs@1, org.springframework.boot.test.context.SpringBootTestWebEnvironment@2f8dad04], resourceBasePath = 'src/main/webapp', contextLoader = 'org.springframework.boot.test.context.SpringBootContextLoader', parent = [null]], attributes = map['org.springframework.test.context.web.ServletTestExecutionListener.activateListener' -> true]], class annotated with @DirtiesContext [false] with mode [null].

  .   ____          _            __ _ _
 /\\ / ___'_ __ _ _(_)_ __  __ _ \ \ \ \
( ( )\___ | '_ | '_| | '_ \/ _` | \ \ \ \
 \\/  ___)| |_)| | | | | || (_| |  ) ) ) )
  '  |____| .__|_| |_|_| |_\__, | / / / /
 =========|_|==============|___/=/_/_/_/
 :: Spring Boot ::                (v2.7.1)

2022-07-02 14:50:39.780  INFO 15752 --- [    Test worker] com.example.demo.BboxApplication         : Starting BboxApplication using Java 17.0.2 on DESKTOP-OA0K2MI with PID 15752 (started by Dawid in F:\demo)
2022-07-02 14:50:39.781  INFO 15752 --- [    Test worker] com.example.demo.BboxApplication         : No active profile set, falling back to 1 default profile: "default"
2022-07-02 14:50:39.870  INFO 15752 --- [    Test worker] com.example.demo.BboxApplication         : Started BboxApplication in 0.26 seconds (JVM running for 1.035)
]]></system-out>
  <system-err><![CDATA[]]></system-err>
</testsuite>
